C51 COMPILER V9.55   MAIN                                                                  04/27/2024 17:55:09 PAGE 1   


C51 COMPILER V9.55, COMPILATION OF MODULE MAIN
OBJECT MODULE PLACED IN .\Objects\main.obj
COMPILER INVOKED BY: D:\keil5\C51\BIN\C51.EXE main.c OPTIMIZE(8,SPEED) BROWSE DEBUG OBJECTEXTEND PRINT(.\Listings\main.l
                    -st) TABS(2) OBJECT(.\Objects\main.obj)

line level    source

   1          #include <reg52.h>
   2          #include <intrins.h>
   3          sbit location = P2;
   4          sbit a = P2^4;
   5          sbit b = P2^3;
   6          sbit c = P2^2;
   7          sbit smg = P0;
   8          void delay200ms(void) {
   9   1        unsigned char i,j,k;
  10   1        for (i=5;i>0;i--)
  11   1            for (j=132;j>0;j--)
  12   1              for (k=150;k>0;k--);
  13   1      }
  14          void main() {
  15   1        while (1) {
  16   2          //a=1;b=1,c=1; //1
  17   2          //a=0;b=1,c=1; //2
  18   2          //a=1;b=0,c=1; //3
  19   2          //a=0;b=0,c=1; //4
  20   2          //a=1;b=1,c=0; //5
  21   2          //a=0;b=1,c=0; //6
  22   2          //a=1;b=0,c=0; //7
  23   2          //a=0;b=0,c=0; //8
  24   2          //0-0x3F,1-0x06,2-0x5B,3-0x4F,4-0x66,5-0x6D,6-0x7D,7-0x07,8-0x7F,9-0x6F
  25   2          a=1;
  26   2          b=1,c=1;
  27   2          P0 = 0x3F;
  28   2          delay200ms();
  29   2          a=1;
  30   2          b=1,c=1;
  31   2          P0 = 0x06;
  32   2          delay200ms();
  33   2          a=1;
  34   2          b=1,c=1;
  35   2          P0 = 0x5B;
  36   2          delay200ms();
  37   2          a=1;
  38   2          b=1,c=1;
  39   2          P0 = 0x4F;
  40   2          delay200ms();
  41   2          a=1;
  42   2          b=1,c=1;
  43   2          P0 = 0x66;
  44   2          delay200ms();
  45   2          a=1;
  46   2          b=1,c=1;
  47   2          P0 = 0x6D;
  48   2          delay200ms();
  49   2          a=1;
  50   2          b=1,c=1;
  51   2          P0 = 0x7D;
  52   2          delay200ms();
  53   2          a=1;
  54   2          b=1,c=1;
C51 COMPILER V9.55   MAIN                                                                  04/27/2024 17:55:09 PAGE 2   

  55   2          P0 = 0x07;
  56   2          delay200ms();
  57   2          a=1;
  58   2          b=1,c=1;
  59   2          P0 = 0x7F;
  60   2          delay200ms();
  61   2          a=1;
  62   2          b=1,c=1;
  63   2          P0 = 0x6F;
  64   2          delay200ms();
  65   2        }
  66   1      }


MODULE INFORMATION:   STATIC OVERLAYABLE
   CODE SIZE        =    135    ----
   CONSTANT SIZE    =   ----    ----
   XDATA SIZE       =   ----    ----
   PDATA SIZE       =   ----    ----
   DATA SIZE        =   ----    ----
   IDATA SIZE       =   ----    ----
   BIT SIZE         =   ----    ----
END OF MODULE INFORMATION.


C51 COMPILATION COMPLETE.  0 WARNING(S),  0 ERROR(S)
