C51 COMPILER V9.55   MAIN                                                                  04/27/2024 20:38:00 PAGE 1   


C51 COMPILER V9.55, COMPILATION OF MODULE MAIN
OBJECT MODULE PLACED IN .\Objects\main.obj
COMPILER INVOKED BY: D:\keil5\C51\BIN\C51.EXE main.c OPTIMIZE(8,SPEED) BROWSE DEBUG OBJECTEXTEND PRINT(.\Listings\main.l
                    -st) TABS(2) OBJECT(.\Objects\main.obj)

line level    source

   1          #include <REG52.H>
   2          
   3          void Delay(unsigned int xms);
   4          void _74HC595_WriteByte(unsigned char byte);
   5          void LED(unsigned char Y,DATA);
   6          void LED_Init();
   7          
   8          
   9          
  10          sbit RCK=P3^5;  //RCLK
  11          sbit SCK=P3^6;  //SRCL
  12          sbit SER=P3^4;  //SER
  13          unsigned char code DH[]=
  14            {
  15              0x00,0x0E,0x1B,0x7F,0x7F,0x1B,0x0E,0x00,
  16              0x00,0x04,0x0C,0x18,0x7F,0x7F,0x1B,0x0E,
  17              0x00,0x08,0x0C,0x05,0x7F,0x7F,0x1E,0x0C,
  18              0xC0,0x00,0x41,0x22,0x1A,0x7C,0x7D,0x1A,
  19              0x00,0x60,0x61,0x12,0x0A,0x7E,0x7F,0x08,
  20              0x00,0x06,0x0E,0x08,0x0B,0x3E,0x3E,0x0B,
  21              0x00,0x03,0x0B,0x08,0x0B,0x3E,0x3E,0x0B,
  22              0x00,0x06,0x0E,0x08,0x09,0x3F,0x3E,0x0B,
  23              0x00,0x0E,0x13,0x7E,0x7E,0x1F,0x0E,0x00,
  24              0x08,0x13,0x7E,0x7E,0x12,0x1D,0x0C,0x00,
  25              0x09,0x12,0x7E,0x7F,0x10,0x13,0x03,0x00,
  26              0x09,0x12,0x7E,0x7F,0x10,0x1C,0x0C,0x00,
  27              0x00,0x0C,0x15,0x7E,0x7E,0x17,0x0E,0x00,
  28              0x00,0x30,0x38,0x0D,0x7E,0x7F,0x1D,0x08,
  29              0xC0,0xC0,0x30,0x1B,0x7C,0x7F,0x08,0x00,
  30              0x00,0x00,0x37,0xF8,0xFA,0x34,0x00,0x00,
  31              0x00,0x00,0x1B,0x7C,0x7C,0x1A,0x01,0x00,
  32              0x00,0x00,0x09,0x1E,0x7C,0x7F,0x18,0x00,
  33              0x00,0x00,0x1B,0x7C,0x7C,0x1B,0x00,0x00,
  34              0x00,0x00,0x09,0x1E,0x7C,0x7F,0x18,0x00,
  35              0x00,0x00,0x1B,0x7C,0x7C,0x1B,0x00,0x00,
  36              0x08,0x10,0x16,0x7C,0x7F,0x10,0x08,0x00,
  37              0x00,0x10,0x13,0x7C,0x7E,0x18,0x00,0x00,
  38              0x00,0x08,0x13,0x7C,0x7F,0x10,0x10,0x00,
  39              0x00,0x08,0x12,0xFC,0xFD,0x3A,0x00,0x00,
  40              0x00,0x08,0x12,0xFC,0xFC,0x22,0x10,0x00,
  41              0x00,0x00,0x61,0x12,0x7C,0x7F,0x10,0x60,
  42              0x00,0x00,0x20,0x11,0x12,0x7C,0x7E,0x19,
  43              0x00,0x00,0x00,0x31,0x0A,0x7C,0x7E,0x0D,
  44              0x00,0x00,0x20,0x11,0x12,0x7C,0x7E,0x19,
  45              0x00,0x00,0x00,0x31,0x0A,0x7C,0x7E,0x0D,
  46              0x00,0x00,0x20,0x11,0x12,0x7C,0x7E,0x19,
  47              0x00,0x00,0x00,0x31,0x0A,0x7C,0x7E,0x0D,
  48              0x00,0x00,0x20,0x11,0x12,0x7C,0x7E,0x19,
  49              0x00,0x00,0x00,0x31,0x0A,0x7C,0x7E,0x0D,
  50            };
  51          
  52            void main()
  53          {
  54   1        unsigned char i,py=0,pl=0;
C51 COMPILER V9.55   MAIN                                                                  04/27/2024 20:38:00 PAGE 2   

  55   1        LED_Init();
  56   1        while(1)
  57   1        {
  58   2          for(i=0;i<8;i++)
  59   2          {
  60   3            LED(i,DH[i+py]);
  61   3          }
  62   2          pl++;
  63   2          if(pl>25)
  64   2          {
  65   3            pl=0;
  66   3            py+=8;
  67   3            if(py>10000)
  68   3            {
  69   4              py=0;
  70   4            }
  71   3          }
  72   2      
  73   2        }
  74   1      }
  75          
  76          void Delay(unsigned int xms)
  77          {
  78   1      
  79   1          while(xms--)
  80   1          {
  81   2                unsigned char i, j;
  82   2      
  83   2            i = 2;
  84   2            j = 199;
  85   2            do
  86   2            {
  87   3              while (--j);
  88   3            } while (--i);
  89   2        
  90   2          }
  91   1      }
  92          void _74HC595_WriteByte(unsigned char byte)
  93          {
  94   1        unsigned char i;
  95   1        for(i=0;i<8;i++)
  96   1        {
  97   2          SER=byte&(0x80>>i);
  98   2          SCK=1;
  99   2          SCK=0;
 100   2        }
 101   1          RCK=1;
 102   1          RCK=0;
 103   1      }
 104          
 105          void LED(unsigned char Y,DATA)
 106          {
 107   1        _74HC595_WriteByte(DATA);
 108   1        P0=~(0X80>>Y);
 109   1        Delay(1);
 110   1        P0=0XFF;
 111   1      }
 112          
 113          void LED_Init()
 114          {
 115   1          SCK=0;
 116   1          RCK=0;
C51 COMPILER V9.55   MAIN                                                                  04/27/2024 20:38:00 PAGE 3   

 117   1      }
 118          
 119          


MODULE INFORMATION:   STATIC OVERLAYABLE
   CODE SIZE        =    189    ----
   CONSTANT SIZE    =    280    ----
   XDATA SIZE       =   ----    ----
   PDATA SIZE       =   ----    ----
   DATA SIZE        =   ----       5
   IDATA SIZE       =   ----    ----
   BIT SIZE         =   ----    ----
END OF MODULE INFORMATION.


C51 COMPILATION COMPLETE.  0 WARNING(S),  0 ERROR(S)
